<?xml version="1.0" encoding="UTF-8"?>
<testsuite name="TestSuite" time="149.345" tests="1" errors="0" skipped="0" failures="1">
  <properties>
[...]
</properties>
  <testcase name="feature" classname="Cucumberoption.TestRunner" time="149.345">
    <failure message="java.lang.IllegalArgumentException: bound must be greater than origin" type="cucumber.runtime.CucumberException">cucumber.runtime.CucumberException: java.lang.IllegalArgumentException: bound must be greater than origin
	at cucumber.api.testng.TestNGCucumberRunner.runCucumber(TestNGCucumberRunner.java:69)
	at Cucumberoption.TestRunner.feature(TestRunner.java:47)
Caused by: java.lang.IllegalArgumentException: bound must be greater than origin
	at java.util.concurrent.ThreadLocalRandom.nextInt(ThreadLocalRandom.java:378)
	at Testcase.PDP.clp(PDP.java:201)
	at stepdefination.stepdefination.user_clicks_on_power_commander_shop_now(stepdefination.java:157)
	at ✽.When user clicks on power commander shop now(src/test/java/feature/smoke.feature:50)
</failure>
    <system-out><![CDATA[Feature: SmokeSuite

  Scenario: Navigation to PLP using MMY select                        # src/test/java/feature/smoke.feature:17
    Given A browser session with the website                          # stepdefination.a_browser_session_with_the_website()
    When user select the make from Make dropdown                      # stepdefination.user_select_the_make_from_Make_dropdown()
    Then the selection should be in displayed in make dropdown        # stepdefination.the_selection_should_be_in_displayed_in_make_dropdown()
    When user select the model from model dropdown                    # stepdefination.user_select_the_model_from_model_dropdown()
    Then the selection should be in displayed in model dropdown       # stepdefination.the_selection_should_be_in_displayed_in_model_dropdown()
    When user select the Year from Year dropdown                      # stepdefination.user_select_the_Year_from_Year_dropdown()
    Then the selection should be in displayed in Select Year dropdown # stepdefination.the_selection_should_be_in_displayed_in_Select_Year_dropdown()
    And clicks on Go button                                           # stepdefination.clicks_on_Go_button()
    Then PlP is displayed                                             # stepdefination.plp_is_displayed()
Yes Present
2
2

  Scenario: Navigating to PDP from PLP         # src/test/java/feature/smoke.feature:29
    Given A browser session with the website   # stepdefination.a_browser_session_with_the_website()
    When user select instock from stock filter # stepdefination.user_select_instock_from_stock_filter()
    Then Instock product is dispalyed          # stepdefination.instock_product_is_dispalyed()
    When user click on product                 # stepdefination.user_click_on_product()
    Then PDP is displayed                      # stepdefination.pdp_is_displayed()
Qty is  available

  Scenario: Adding product from PDP                                        # src/test/java/feature/smoke.feature:38
    Given A browser session with the website                               # stepdefination.a_browser_session_with_the_website()
    When user enter the quantity                                           # stepdefination.user_enter_the_quantity()
    And clicks on add to cart button                                       # stepdefination.clicks_on_add_to_cart_button()
    Then product should be added to cart and mini cart should be displayed # stepdefination.product_should_be_added_to_cart_and_mini_cart_should_be_displayed()

  Scenario: Validation of Add to cart from Generic PDP                     # src/test/java/feature/smoke.feature:45
    Given A browser session with the website                               # stepdefination.a_browser_session_with_the_website()
    When user clicks on fuel management product menu                       # stepdefination.user_clicks_on_fuel_management_product_menu()
    Then CLP should be displayed                                           # stepdefination.clp_should_be_displayed()
    When user clicks on power commander shop now                           # stepdefination.user_clicks_on_power_commander_shop_now()
      java.lang.IllegalArgumentException: bound must be greater than origin
      	at java.util.concurrent.ThreadLocalRandom.nextInt(ThreadLocalRandom.java:378)
      	at Testcase.PDP.clp(PDP.java:201)
      	at stepdefination.stepdefination.user_clicks_on_power_commander_shop_now(stepdefination.java:157)
      	at ?.When user clicks on power commander shop now(src/test/java/feature/smoke.feature:50)

    Then the Generic PDP should be displayed                               # stepdefination.the_Generic_PDP_should_be_displayed()
    When Click the Select a vehicle button                                 # stepdefination.click_the_Select_a_vehicle_button()
    Then the pop-up should be displayed                                    # stepdefination.the_pop_up_should_be_displayed()
    When user select the make from Make dropdown                           # stepdefination.user_select_the_make_from_Make_dropdown()
    Then the selection should be in displayed in make dropdown             # stepdefination.the_selection_should_be_in_displayed_in_make_dropdown()
    When user select the model from model dropdown                         # stepdefination.user_select_the_model_from_model_dropdown()
    Then the selection should be in displayed in model dropdown            # stepdefination.the_selection_should_be_in_displayed_in_model_dropdown()
    When user select the Year from Year dropdown                           # stepdefination.user_select_the_Year_from_Year_dropdown()
    Then the selection should be in displayed in Select Year dropdown      # stepdefination.the_selection_should_be_in_displayed_in_Select_Year_dropdown()
    And clicks on the Go button                                            # stepdefination.clicks_on_the_Go_button()
    When user enter the quantity                                           # stepdefination.user_enter_the_quantity()
    And clicks on add to cart button                                       # stepdefination.clicks_on_add_to_cart_button()
    Then product should be added to cart and mini cart should be displayed # stepdefination.product_should_be_added_to_cart_and_mini_cart_should_be_displayed()
true

  Scenario: Validation of Cart page                # src/test/java/feature/smoke.feature:66
    Given A browser session with the website       # stepdefination.a_browser_session_with_the_website()
    When user click on minicart                    # stepdefination.user_click_on_minicart()
    Then minicart is displayed                     # stepdefination.minicart_is_displayed()
    When user clicks the View Cart button          # stepdefination.user_clicks_the_View_Cart_button()
    Then Cart Page should be displayed             # stepdefination.cart_Page_should_be_displayed()
    When user update the qty                       # stepdefination.user_update_the_qty()
    And clicks on update shopping cart             # stepdefination.clicks_on_update_shopping_cart()
    Then Qty is updated                            # stepdefination.qty_is_updated()
    When user clicks on proceed to checkout button # stepdefination.user_clicks_on_proceed_to_checkout_button()
    Then checkout page is displayed                # stepdefination.checkout_page_is_displayed()
]]></system-out>
    <system-err><![CDATA[Starting ChromeDriver 2.43.600210 (68dcf5eebde37173d4027fa8635e332711d2874a) on port 12671
Only local connections are allowed.
Nov 29, 2019 11:49:47 AM org.openqa.selenium.remote.ProtocolHandshake createSession
INFO: Detected dialect: OSS
]]></system-err>
  </testcase>
</testsuite>